\BOOKMARK [0][-]{chapter.1}{Introduction}{}
\BOOKMARK [1][-]{section.1.1}{A new approach to device design}{chapter.1}
\BOOKMARK [1][-]{section.1.2}{A language within a language}{chapter.1}
\BOOKMARK [0][-]{chapter.2}{Tutorial}{}
\BOOKMARK [1][-]{section.2.1}{Learn Python}{chapter.2}
\BOOKMARK [1][-]{section.2.2}{Install Chips}{chapter.2}
\BOOKMARK [1][-]{section.2.3}{First Simulations}{chapter.2}
\BOOKMARK [1][-]{section.2.4}{Hello World}{chapter.2}
\BOOKMARK [1][-]{section.2.5}{Generating VHDL}{chapter.2}
\BOOKMARK [1][-]{section.2.6}{More Streams}{chapter.2}
\BOOKMARK [1][-]{section.2.7}{Introducing Processes}{chapter.2}
\BOOKMARK [0][-]{chapter.3}{Chips Language Reference Manual}{}
\BOOKMARK [1][-]{section.3.1}{Chip}{chapter.3}
\BOOKMARK [1][-]{section.3.2}{Process}{chapter.3}
\BOOKMARK [1][-]{section.3.3}{Streams}{chapter.3}
\BOOKMARK [1][-]{section.3.4}{Sinks}{chapter.3}
\BOOKMARK [1][-]{section.3.5}{Instructions}{chapter.3}
\BOOKMARK [0][-]{chapter.4}{Automatic Code Generation}{}
\BOOKMARK [1][-]{section.4.1}{VHDL Code Generation}{chapter.4}
\BOOKMARK [1][-]{section.4.2}{C++ Code Generation}{chapter.4}
\BOOKMARK [1][-]{section.4.3}{Visualisation Code Generation}{chapter.4}
\BOOKMARK [0][-]{chapter.5}{IP library}{}
\BOOKMARK [0][-]{chapter.6}{Extending the Chips Library}{}
\BOOKMARK [0][-]{chapter.7}{Indices and tables}{}
\BOOKMARK [0][-]{section*.2}{Module Index}{}
\BOOKMARK [0][-]{section*.3}{Index}{}
