\BOOKMARK [0][-]{chapter.1}{Introduction}{}
\BOOKMARK [1][-]{section.1.1}{A new approach to device design}{chapter.1}
\BOOKMARK [1][-]{section.1.2}{A language within a language}{chapter.1}
\BOOKMARK [0][-]{chapter.2}{The Concepts}{}
\BOOKMARK [0][-]{chapter.3}{The Language}{}
\BOOKMARK [1][-]{section.3.1}{Systems}{chapter.3}
\BOOKMARK [1][-]{section.3.2}{Streams}{chapter.3}
\BOOKMARK [2][-]{subsection.3.2.1}{Counter\(Start, Stop, Step\)}{section.3.2}
\BOOKMARK [2][-]{subsection.3.2.2}{InPort\(name, bits\)}{section.3.2}
\BOOKMARK [2][-]{subsection.3.2.3}{Output\(\)}{section.3.2}
\BOOKMARK [2][-]{subsection.3.2.4}{Repeater\(value\)}{section.3.2}
\BOOKMARK [2][-]{subsection.3.2.5}{Scanner\(\)}{section.3.2}
\BOOKMARK [2][-]{subsection.3.2.6}{Sequence\(seqeunce\)}{section.3.2}
\BOOKMARK [2][-]{subsection.3.2.7}{SerialIn}{section.3.2}
\BOOKMARK [2][-]{subsection.3.2.8}{Stimulus}{section.3.2}
\BOOKMARK [1][-]{section.3.3}{Stream Combinators}{chapter.3}
\BOOKMARK [2][-]{subsection.3.3.1}{Array}{section.3.3}
\BOOKMARK [2][-]{subsection.3.3.2}{Decoupler}{section.3.3}
\BOOKMARK [2][-]{subsection.3.3.3}{HexPrinter}{section.3.3}
\BOOKMARK [2][-]{subsection.3.3.4}{Lookup}{section.3.3}
\BOOKMARK [2][-]{subsection.3.3.5}{Printer}{section.3.3}
\BOOKMARK [2][-]{subsection.3.3.6}{Process}{section.3.3}
\BOOKMARK [2][-]{subsection.3.3.7}{Resizer}{section.3.3}
\BOOKMARK [1][-]{section.3.4}{Stream Expressions}{chapter.3}
\BOOKMARK [2][-]{subsection.3.4.1}{operator precedence}{section.3.4}
\BOOKMARK [1][-]{section.3.5}{Sinks}{chapter.3}
\BOOKMARK [2][-]{subsection.3.5.1}{Asserter}{section.3.5}
\BOOKMARK [2][-]{subsection.3.5.2}{Console}{section.3.5}
\BOOKMARK [2][-]{subsection.3.5.3}{OutPort}{section.3.5}
\BOOKMARK [2][-]{subsection.3.5.4}{Response}{section.3.5}
\BOOKMARK [2][-]{subsection.3.5.5}{SerialOut}{section.3.5}
\BOOKMARK [2][-]{subsection.3.5.6}{SVGA}{section.3.5}
\BOOKMARK [1][-]{section.3.6}{Processes}{chapter.3}
\BOOKMARK [2][-]{subsection.3.6.1}{Output}{section.3.6}
\BOOKMARK [2][-]{subsection.3.6.2}{Variable}{section.3.6}
\BOOKMARK [2][-]{subsection.3.6.3}{VariableArray}{section.3.6}
\BOOKMARK [1][-]{section.3.7}{Process Statements}{chapter.3}
\BOOKMARK [2][-]{subsection.3.7.1}{Block}{section.3.7}
\BOOKMARK [2][-]{subsection.3.7.2}{Break}{section.3.7}
\BOOKMARK [2][-]{subsection.3.7.3}{Constant}{section.3.7}
\BOOKMARK [2][-]{subsection.3.7.4}{Continue}{section.3.7}
\BOOKMARK [2][-]{subsection.3.7.5}{DoUntil}{section.3.7}
\BOOKMARK [2][-]{subsection.3.7.6}{DoWhile}{section.3.7}
\BOOKMARK [2][-]{subsection.3.7.7}{Evaluate}{section.3.7}
\BOOKMARK [2][-]{subsection.3.7.8}{If}{section.3.7}
\BOOKMARK [2][-]{subsection.3.7.9}{Loop}{section.3.7}
\BOOKMARK [2][-]{subsection.3.7.10}{Print}{section.3.7}
\BOOKMARK [2][-]{subsection.3.7.11}{Scan}{section.3.7}
\BOOKMARK [2][-]{subsection.3.7.12}{Until}{section.3.7}
\BOOKMARK [2][-]{subsection.3.7.13}{Value}{section.3.7}
\BOOKMARK [2][-]{subsection.3.7.14}{Variable}{section.3.7}
\BOOKMARK [2][-]{subsection.3.7.15}{WaitUs}{section.3.7}
\BOOKMARK [2][-]{subsection.3.7.16}{While}{section.3.7}
\BOOKMARK [2][-]{subsection.3.7.17}{Expressions}{section.3.7}
\BOOKMARK [1][-]{section.3.8}{Process Expressions}{chapter.3}
\BOOKMARK [1][-]{section.3.9}{Patterns of Use}{chapter.3}
